<?xml version="1.0" encoding="UTF-8"?>
<!-- Generated by org.testng.reporters.JUnitReportReporter -->
<testsuite hostname="DESKTOP-L0CPOHI" failures="0" tests="1" name="runner.TestRunner" time="21.828" errors="0" timestamp="2022-08-11T22:22:22 IST" skipped="0">
  <testcase classname="runner.TestRunner" name="runScenario" time="21.828"/>
  <system-out/>
</testsuite> <!-- runner.TestRunner -->
